::1 - - [02/Jul/2025 18:55:53] "GET / HTTP/1.1" 200 -
::1 - - [02/Jul/2025 18:55:53] "GET /styles.css HTTP/1.1" 200 -
::1 - - [02/Jul/2025 18:55:53] "GET /logo.png HTTP/1.1" 200 -
::1 - - [02/Jul/2025 18:55:53] "GET /family-business.png HTTP/1.1" 200 -
::1 - - [02/Jul/2025 18:55:53] "GET /personal-service.png HTTP/1.1" 200 -
::1 - - [02/Jul/2025 18:55:53] "GET /bmw-collection.png HTTP/1.1" 200 -
::1 - - [02/Jul/2025 18:55:53] "GET /workshop-interior.png HTTP/1.1" 200 -
::1 - - [02/Jul/2025 18:55:53] "GET /honest-communication.png HTTP/1.1" 200 -
::1 - - [02/Jul/2025 18:55:53] "GET /convenient-service.png HTTP/1.1" 200 -
::1 - - [02/Jul/2025 18:55:53] "GET /performance-dyno.png HTTP/1.1" 200 -
::1 - - [02/Jul/2025 18:55:53] "GET /maintenance-service.png HTTP/1.1" 200 -
::1 - - [02/Jul/2025 18:55:53] "GET /european-luxury.png HTTP/1.1" 200 -
::1 - - [02/Jul/2025 18:55:53] "GET /performance-tuning.png HTTP/1.1" 200 -
::1 - - [02/Jul/2025 18:55:53] "GET /x5-customer-satisfaction.png HTTP/1.1" 200 -
::1 - - [02/Jul/2025 18:55:53] "GET /customer-loyalty.png HTTP/1.1" 200 -
::1 - - [02/Jul/2025 18:55:53] "GET /m3-customer-satisfaction.png HTTP/1.1" 200 -
::1 - - [02/Jul/2025 18:55:54] "GET /hero-bg-bmw.png HTTP/1.1" 200 -
::1 - - [02/Jul/2025 19:02:05] "GET /services.html HTTP/1.1" 200 -
::1 - - [02/Jul/2025 19:02:14] "GET /about.html HTTP/1.1" 200 -
::1 - - [02/Jul/2025 19:02:17] "GET /gallery.html HTTP/1.1" 200 -
::1 - - [02/Jul/2025 19:02:17] "GET /customer-lounge.jpg HTTP/1.1" 200 -
::1 - - [02/Jul/2025 19:02:17] "GET /service-bay-lift.jpg HTTP/1.1" 200 -
::1 - - [02/Jul/2025 19:02:17] "GET /diagnostic-equipment.jpg HTTP/1.1" 200 -
::1 - - [02/Jul/2025 19:02:17] "GET /engine-services.jpg HTTP/1.1" 200 -
::1 - - [02/Jul/2025 19:02:17] "GET /performance-upgrades.jpg HTTP/1.1" 200 -
::1 - - [02/Jul/2025 19:02:17] "GET /maintenance-services-sparkplugs.jpg HTTP/1.1" 200 -
::1 - - [02/Jul/2025 19:02:18] "GET /contact.html HTTP/1.1" 200 -
::1 - - [02/Jul/2025 19:02:22] "GET /contact.html HTTP/1.1" 304 -
::1 - - [02/Jul/2025 19:03:58] "GET /services.html HTTP/1.1" 304 -
::1 - - [02/Jul/2025 19:03:59] "GET /services.html HTTP/1.1" 304 -
::1 - - [02/Jul/2025 19:09:37] "GET /index.html HTTP/1.1" 200 -
::1 - - [02/Jul/2025 19:09:38] "GET /workshop-interior-real.jpg HTTP/1.1" 200 -
::1 - - [02/Jul/2025 19:09:38] "GET /family-business-real.jpg HTTP/1.1" 200 -
::1 - - [02/Jul/2025 19:09:38] "GET /honest-communication-real.jpg HTTP/1.1" 200 -
::1 - - [02/Jul/2025 19:09:38] "GET /convenient-service-real.jpg HTTP/1.1" 200 -
::1 - - [02/Jul/2025 19:09:38] "GET /personal-service-real.jpg HTTP/1.1" 200 -
::1 - - [02/Jul/2025 19:09:38] "GET /performance-dyno-real.jpg HTTP/1.1" 200 -
::1 - - [02/Jul/2025 19:09:38] "GET /maintenance-service-real.jpg HTTP/1.1" 200 -
::1 - - [02/Jul/2025 19:09:38] "GET /performance-tuning-real.jpg HTTP/1.1" 200 -
::1 - - [02/Jul/2025 19:09:38] "GET /x5-customer-real.jpg HTTP/1.1" 200 -
::1 - - [02/Jul/2025 19:09:38] "GET /european-luxury-real.jpg HTTP/1.1" 200 -
::1 - - [02/Jul/2025 19:09:38] "GET /customer-loyalty-real.jpg HTTP/1.1" 200 -
::1 - - [02/Jul/2025 19:09:38] "GET /m3-customer-real.jpg HTTP/1.1" 200 -
::1 - - [02/Jul/2025 19:10:16] "GET /index.html HTTP/1.1" 304 -
::1 - - [02/Jul/2025 19:10:16] "GET /workshop-interior-real.jpg HTTP/1.1" 304 -
::1 - - [02/Jul/2025 19:10:16] "GET /family-business-real.jpg HTTP/1.1" 304 -
::1 - - [02/Jul/2025 19:10:16] "GET /personal-service-real.jpg HTTP/1.1" 304 -
::1 - - [02/Jul/2025 19:10:16] "GET /convenient-service-real.jpg HTTP/1.1" 304 -
::1 - - [02/Jul/2025 19:10:16] "GET /honest-communication-real.jpg HTTP/1.1" 304 -
::1 - - [02/Jul/2025 19:10:16] "GET /performance-dyno-real.jpg HTTP/1.1" 304 -
::1 - - [02/Jul/2025 19:10:16] "GET /maintenance-service-real.jpg HTTP/1.1" 304 -
::1 - - [02/Jul/2025 19:10:16] "GET /performance-tuning-real.jpg HTTP/1.1" 304 -
::1 - - [02/Jul/2025 19:10:16] "GET /customer-loyalty-real.jpg HTTP/1.1" 304 -
::1 - - [02/Jul/2025 19:10:16] "GET /x5-customer-real.jpg HTTP/1.1" 304 -
::1 - - [02/Jul/2025 19:10:16] "GET /m3-customer-real.jpg HTTP/1.1" 304 -
::1 - - [02/Jul/2025 19:10:16] "GET /european-luxury-real.jpg HTTP/1.1" 304 -
::1 - - [02/Jul/2025 19:23:33] "GET /services.html HTTP/1.1" 200 -
::1 - - [02/Jul/2025 19:23:33] "GET /bmw-maintenance-1.jpg HTTP/1.1" 200 -
::1 - - [02/Jul/2025 19:23:33] "GET /bmw-maintenance-6.jpg HTTP/1.1" 200 -
::1 - - [02/Jul/2025 19:23:33] "GET /bmw-maintenance-4.jpg HTTP/1.1" 200 -
::1 - - [02/Jul/2025 19:23:33] "GET /bmw-maintenance-5.jpg HTTP/1.1" 200 -
::1 - - [02/Jul/2025 19:23:33] "GET /bmw-maintenance-2.jpg HTTP/1.1" 200 -
::1 - - [02/Jul/2025 19:23:33] "GET /performance-1.jpg HTTP/1.1" 200 -
::1 - - [02/Jul/2025 19:23:33] "GET /bmw-maintenance-3.jpg HTTP/1.1" 200 -
::1 - - [02/Jul/2025 19:23:33] "GET /performance-2.jpg HTTP/1.1" 200 -
::1 - - [02/Jul/2025 19:23:33] "GET /performance-3.jpg HTTP/1.1" 200 -
::1 - - [02/Jul/2025 19:23:33] "GET /performance-4.jpg HTTP/1.1" 200 -
::1 - - [02/Jul/2025 19:23:33] "GET /performance-5.jpg HTTP/1.1" 200 -
::1 - - [02/Jul/2025 19:23:33] "GET /performance-6.jpg HTTP/1.1" 200 -
